<?xml version="1.0" encoding="UTF-8"?>
<!-- Generated by org.testng.reporters.JUnitReportReporter -->
<testsuite skipped="0" hostname="MT-31196458H" name="Testcases.Christmastab_TC" tests="1" failures="0" timestamp="2021-11-21T23:28:23 IST" time="11.301" errors="0">
  <testcase name="christmas" time="11.301" classname="Testcases.Christmastab_TC"/>
  <system-out/>
</testsuite> <!-- Testcases.Christmastab_TC -->
