<?xml version="1.0" encoding="UTF-8"?>
<!-- Generated by org.testng.reporters.JUnitReportReporter -->
<testsuite skipped="0" hostname="MT-31196458H" name="Testcases.SearchAction_TC" tests="1" failures="0" timestamp="2021-11-21T23:28:23 IST" time="8.282" errors="0">
  <testcase name="Search" time="8.282" classname="Testcases.SearchAction_TC"/>
  <system-out/>
</testsuite> <!-- Testcases.SearchAction_TC -->
