<?xml version="1.0" encoding="UTF-8"?>
<!-- Generated by org.testng.reporters.JUnitReportReporter -->
<testsuite skipped="0" hostname="MT-31196458H" name="Testcases.AddGiftcard_TC" tests="1" failures="0" timestamp="2021-11-21T23:28:23 IST" time="7.915" errors="0">
  <testcase name="AddGift" time="7.915" classname="Testcases.AddGiftcard_TC"/>
  <system-out/>
</testsuite> <!-- Testcases.AddGiftcard_TC -->
